TN:
SF:02-ratelimitter.js
FNF:0
FNH:0
DA:1,1
DA:2,1
DA:3,1
DA:4,1
DA:5,1
DA:6,1
DA:7,1
DA:8,1
DA:9,1
DA:10,1
DA:11,1
DA:12,1
DA:13,1
DA:14,1
DA:15,1
DA:16,1
DA:17,2
DA:18,1
DA:19,1
DA:20,1
DA:21,13
DA:22,13
DA:23,2
DA:24,13
DA:25,11
DA:26,11
DA:27,11
DA:28,6
DA:29,1
DA:30,1
DA:31,1
DA:32,6
DA:33,1
DA:34,1
DA:35,1
DA:36,0
DA:37,1
DA:38,1
DA:39,1
DA:40,1
DA:41,1
LF:41
LH:40
BRDA:16,0,0,2
BRDA:20,1,0,13
BRDA:22,2,0,2
BRDA:24,3,0,11
BRDA:26,4,0,7
BRDA:27,5,0,6
BRDA:31,6,0,6
BRF:7
BRH:7
end_of_record
